0 verbose cli [
0 verbose cli   'C:\\Program Files\\nodejs\\node.exe',
0 verbose cli   'C:\\Users\\MD YOUSUF SHEIKH\\AppData\\Roaming\\npm\\node_modules\\npm\\bin\\npm-cli.js',
0 verbose cli   'start'
0 verbose cli ]
1 info using npm@8.4.1
2 info using node@v14.15.5
3 timing npm:load:whichnode Completed in 0ms
4 timing config:load:defaults Completed in 4ms
5 timing config:load:file:C:\Users\MD YOUSUF SHEIKH\AppData\Roaming\npm\node_modules\npm\npmrc Completed in 96ms
6 timing config:load:builtin Completed in 96ms
7 timing config:load:cli Completed in 3ms
8 timing config:load:env Completed in 24ms
9 timing config:load:file:V:\React Web\Drone World\drone-world-clint-side\.npmrc Completed in 24ms
10 timing config:load:project Completed in 35ms
11 timing config:load:file:C:\Users\MD YOUSUF SHEIKH\.npmrc Completed in 1ms
12 timing config:load:user Completed in 1ms
13 timing config:load:file:C:\Users\MD YOUSUF SHEIKH\AppData\Roaming\npm\etc\npmrc Completed in 1ms
14 timing config:load:global Completed in 1ms
15 timing config:load:validate Completed in 1ms
16 timing config:load:credentials Completed in 12ms
17 timing config:load:setEnvs Completed in 1ms
18 timing config:load Completed in 181ms
19 timing npm:load:configload Completed in 181ms
20 timing npm:load:setTitle Completed in 1ms
21 timing config:load:flatten Completed in 38ms
22 timing npm:load:display Completed in 44ms
23 verbose logfile V:\React Web\Drone World\drone-world-clint-side\_logs\2022-02-13T05_00_54_513Z-debug-0.log
24 timing npm:load:logFile Completed in 43ms
25 timing npm:load:timers Completed in 0ms
26 timing npm:load:configScope Completed in 0ms
27 timing npm:load Completed in 271ms
28 silly logfile start cleaning logs, removing 1 files
