0 verbose cli [
0 verbose cli   'C:\\Program Files\\nodejs\\node.exe',
0 verbose cli   'C:\\Users\\MD YOUSUF SHEIKH\\AppData\\Roaming\\npm\\node_modules\\npm\\bin\\npm-cli.js',
0 verbose cli   'run',
0 verbose cli   'verify-build'
0 verbose cli ]
1 info using npm@8.4.1
2 info using node@v14.15.5
3 timing npm:load:whichnode Completed in 0ms
4 timing config:load:defaults Completed in 1ms
5 timing config:load:file:C:\Users\MD YOUSUF SHEIKH\AppData\Roaming\npm\node_modules\npm\npmrc Completed in 10ms
6 timing config:load:builtin Completed in 10ms
7 timing config:load:cli Completed in 2ms
8 timing config:load:env Completed in 1ms
9 timing config:load:project Completed in 0ms
10 timing config:load:file:C:\Users\MD YOUSUF SHEIKH\.npmrc Completed in 1ms
11 timing config:load:user Completed in 1ms
12 timing config:load:file:C:\Users\MD YOUSUF SHEIKH\AppData\Roaming\npm\etc\npmrc Completed in 0ms
13 timing config:load:global Completed in 0ms
14 timing config:load:validate Completed in 1ms
15 timing config:load:credentials Completed in 1ms
16 timing config:load:setEnvs Completed in 1ms
17 timing config:load Completed in 22ms
18 timing npm:load:configload Completed in 23ms
19 timing npm:load:setTitle Completed in 1ms
20 timing config:load:flatten Completed in 7ms
21 timing npm:load:display Completed in 8ms
22 verbose logfile V:\React Web\Drone World\drone-world-clint-side\_logs\2022-02-13T00_27_46_673Z-debug-0.log
23 timing npm:load:logFile Completed in 36ms
24 timing npm:load:timers Completed in 0ms
25 timing npm:load:configScope Completed in 0ms
26 timing npm:load Completed in 68ms
27 silly logfile start cleaning logs, removing 1 files
28 timing command:run Completed in 233ms
29 verbose exit 0
30 timing npm Completed in 756ms
31 info ok
